{"contracts/access/Ownable.sol":{"l":{"29":132,"36":104,"43":96,"44":93,"55":0,"63":0,"64":0,"72":132,"73":132,"74":132},"path":"/Users/nicholas/school/defi/EtherMon-School-Project-/smart_contracts/hardhat/contracts/access/Ownable.sol","s":{"1":132,"2":104,"3":96,"4":0,"5":0,"6":0,"7":132,"8":132},"b":{"1":[93,3],"2":[0,0],"3":[0,0],"4":[0,0]},"f":{"1":132,"2":104,"3":96,"4":0,"5":0,"6":132},"fnMap":{"1":{"name":"constructor","line":28,"loc":{"start":{"line":28,"column":4},"end":{"line":30,"column":4}}},"2":{"name":"owner","line":35,"loc":{"start":{"line":35,"column":4},"end":{"line":37,"column":4}}},"3":{"name":"onlyOwner","line":42,"loc":{"start":{"line":42,"column":4},"end":{"line":45,"column":4}}},"4":{"name":"renounceOwnership","line":54,"loc":{"start":{"line":54,"column":4},"end":{"line":56,"column":4}}},"5":{"name":"transferOwnership","line":62,"loc":{"start":{"line":62,"column":4},"end":{"line":65,"column":4}}},"6":{"name":"_transferOwnership","line":71,"loc":{"start":{"line":71,"column":4},"end":{"line":75,"column":4}}}},"statementMap":{"1":{"start":{"line":29,"column":8},"end":{"line":29,"column":39}},"2":{"start":{"line":36,"column":8},"end":{"line":36,"column":21}},"3":{"start":{"line":43,"column":8},"end":{"line":43,"column":75}},"4":{"start":{"line":55,"column":8},"end":{"line":55,"column":37}},"5":{"start":{"line":63,"column":8},"end":{"line":63,"column":80}},"6":{"start":{"line":64,"column":8},"end":{"line":64,"column":35}},"7":{"start":{"line":72,"column":8},"end":{"line":72,"column":33}},"8":{"start":{"line":74,"column":8},"end":{"line":74,"column":53}}},"branchMap":{"1":{"line":43,"type":"if","locations":[{"start":{"line":43,"column":8},"end":{"line":43,"column":8}},{"start":{"line":43,"column":8},"end":{"line":43,"column":8}}]},"2":{"line":54,"type":"if","locations":[{"start":{"line":54,"column":48},"end":{"line":54,"column":48}},{"start":{"line":54,"column":48},"end":{"line":54,"column":48}}]},"3":{"line":62,"type":"if","locations":[{"start":{"line":62,"column":64},"end":{"line":62,"column":64}},{"start":{"line":62,"column":64},"end":{"line":62,"column":64}}]},"4":{"line":63,"type":"if","locations":[{"start":{"line":63,"column":8},"end":{"line":63,"column":8}},{"start":{"line":63,"column":8},"end":{"line":63,"column":8}}]}}},"contracts/ERC721A/ERC721A.sol":{"l":{"47":82,"48":82,"49":82,"56":455,"60":0,"66":0,"70":2,"71":2,"75":72,"79":0,"83":0,"87":0,"88":0,"89":0,"90":0,"91":0,"95":51,"96":51,"97":51,"98":51,"99":51,"100":51,"101":51,"102":51,"106":0,"110":0,"111":0,"112":0,"116":0,"120":0,"124":0,"128":40,"135":0,"136":0,"137":0,"143":78,"147":69,"151":0,"152":0,"153":0,"154":0,"155":0,"156":0,"160":38,"161":38,"165":52,"166":52,"167":52,"171":46,"175":11,"179":0,"183":0,"184":0,"185":0,"189":48,"195":0,"196":0,"197":0,"198":0,"199":0,"200":0,"201":0,"202":0,"203":0,"204":0,"205":0,"209":0,"211":0,"213":0,"215":0,"219":69,"220":69,"221":69,"222":69,"223":69,"224":69,"225":69,"226":69,"227":69,"228":69,"229":69,"231":69,"235":11,"236":11,"237":10,"238":10,"239":9,"240":9,"241":9,"242":9,"243":9,"244":9,"245":9,"246":9,"247":9,"248":9,"249":9,"253":9,"254":9,"260":0,"261":0,"262":0,"263":0,"264":0,"266":0,"267":0,"268":0,"269":0,"270":0,"271":0,"272":0,"273":0,"274":0,"278":0,"279":0,"280":0,"284":0,"285":0,"287":0,"297":0},"path":"/Users/nicholas/school/defi/EtherMon-School-Project-/smart_contracts/hardhat/contracts/ERC721A/ERC721A.sol","s":{"1":636,"2":69,"3":455,"4":0,"5":0,"6":0,"7":2,"8":2,"9":72,"10":0,"11":0,"12":0,"13":0,"14":51,"15":51,"16":51,"17":51,"18":51,"19":51,"20":51,"21":0,"22":0,"23":0,"24":40,"25":1,"26":1,"27":0,"28":0,"29":0,"30":0,"31":0,"32":0,"33":0,"34":0,"35":0,"36":38,"37":38,"38":52,"39":52,"40":46,"41":11,"42":0,"43":0,"44":0,"45":0,"46":48,"47":0,"48":0,"49":0,"50":0,"51":0,"52":0,"53":0,"54":0,"55":0,"56":0,"57":0,"58":69,"59":69,"60":69,"61":69,"62":69,"63":69,"64":69,"65":11,"66":11,"67":10,"68":10,"69":9,"70":9,"71":9,"72":9,"73":9,"74":9,"75":9,"76":9,"77":0,"78":0,"79":0,"80":0,"81":0,"82":0,"83":0,"84":0,"85":0,"86":0,"87":0,"88":0,"89":0,"90":0,"91":0,"92":0,"93":176},"b":{"1":[0,0],"2":[0,0],"3":[0,2],"4":[51,0],"5":[51,0],"6":[51,0],"7":[0,0],"8":[0,0],"9":[0,0],"10":[0,0],"11":[0,0],"12":[0,0],"13":[0,38],"14":[0,52],"15":[0,0],"16":[0,0],"17":[0,0],"18":[0,0],"19":[0,0],"20":[0,0],"21":[0,69],"22":[0,69],"23":[1,10],"24":[1,9],"25":[0,9],"26":[9,0],"27":[9,0],"28":[9,0],"29":[0,0],"30":[0,0],"31":[0,0],"32":[0,0],"33":[0,0],"34":[0,0]},"f":{"1":82,"2":636,"3":69,"4":455,"5":0,"6":0,"7":0,"8":2,"9":72,"10":0,"11":0,"12":0,"13":51,"14":0,"15":0,"16":0,"17":0,"18":40,"19":1,"20":1,"21":0,"22":0,"23":78,"24":69,"25":0,"26":38,"27":52,"28":46,"29":11,"30":0,"31":0,"32":48,"33":0,"34":0,"35":69,"36":11,"37":0,"38":0,"39":0,"40":78,"41":78,"42":176,"43":0},"fnMap":{"1":{"name":"constructor","line":46,"loc":{"start":{"line":46,"column":4},"end":{"line":50,"column":4}}},"2":{"name":"_startTokenId","line":52,"loc":{"start":{"line":52,"column":4},"end":{"line":52,"column":81}}},"3":{"name":"_nextTokenId","line":53,"loc":{"start":{"line":53,"column":4},"end":{"line":53,"column":84}}},"4":{"name":"totalSupply","line":55,"loc":{"start":{"line":55,"column":4},"end":{"line":57,"column":4}}},"5":{"name":"_totalMinted","line":59,"loc":{"start":{"line":59,"column":4},"end":{"line":61,"column":4}}},"6":{"name":"_totalBurned","line":63,"loc":{"start":{"line":63,"column":4},"end":{"line":63,"column":83}}},"7":{"name":"supportsInterface","line":65,"loc":{"start":{"line":65,"column":4},"end":{"line":67,"column":4}}},"8":{"name":"balanceOf","line":69,"loc":{"start":{"line":69,"column":4},"end":{"line":72,"column":4}}},"9":{"name":"_numberMinted","line":74,"loc":{"start":{"line":74,"column":4},"end":{"line":76,"column":4}}},"10":{"name":"_numberBurned","line":78,"loc":{"start":{"line":78,"column":4},"end":{"line":80,"column":4}}},"11":{"name":"_getAux","line":82,"loc":{"start":{"line":82,"column":4},"end":{"line":84,"column":4}}},"12":{"name":"_setAux","line":86,"loc":{"start":{"line":86,"column":4},"end":{"line":92,"column":4}}},"13":{"name":"_packedOwnershipOf","line":94,"loc":{"start":{"line":94,"column":4},"end":{"line":107,"column":4}}},"14":{"name":"_unpackedOwnership","line":109,"loc":{"start":{"line":109,"column":4},"end":{"line":113,"column":4}}},"15":{"name":"_ownershipAt","line":115,"loc":{"start":{"line":115,"column":4},"end":{"line":117,"column":4}}},"16":{"name":"_initializeOwnershipAt","line":119,"loc":{"start":{"line":119,"column":4},"end":{"line":121,"column":4}}},"17":{"name":"_ownershipOf","line":123,"loc":{"start":{"line":123,"column":4},"end":{"line":125,"column":4}}},"18":{"name":"ownerOf","line":127,"loc":{"start":{"line":127,"column":4},"end":{"line":129,"column":4}}},"19":{"name":"name","line":131,"loc":{"start":{"line":131,"column":4},"end":{"line":131,"column":89}}},"20":{"name":"symbol","line":132,"loc":{"start":{"line":132,"column":4},"end":{"line":132,"column":93}}},"21":{"name":"tokenURI","line":134,"loc":{"start":{"line":134,"column":4},"end":{"line":138,"column":4}}},"22":{"name":"_baseURI","line":140,"loc":{"start":{"line":140,"column":4},"end":{"line":140,"column":83}}},"23":{"name":"_addressToUint256","line":142,"loc":{"start":{"line":142,"column":4},"end":{"line":144,"column":4}}},"24":{"name":"_boolToUint256","line":146,"loc":{"start":{"line":146,"column":4},"end":{"line":148,"column":4}}},"25":{"name":"approve","line":150,"loc":{"start":{"line":150,"column":4},"end":{"line":157,"column":4}}},"26":{"name":"getApproved","line":159,"loc":{"start":{"line":159,"column":4},"end":{"line":162,"column":4}}},"27":{"name":"setApprovalForAll","line":164,"loc":{"start":{"line":164,"column":4},"end":{"line":168,"column":4}}},"28":{"name":"isApprovedForAll","line":170,"loc":{"start":{"line":170,"column":4},"end":{"line":172,"column":4}}},"29":{"name":"transferFrom","line":174,"loc":{"start":{"line":174,"column":4},"end":{"line":176,"column":4}}},"30":{"name":"safeTransferFrom","line":178,"loc":{"start":{"line":178,"column":4},"end":{"line":180,"column":4}}},"31":{"name":"safeTransferFrom","line":182,"loc":{"start":{"line":182,"column":4},"end":{"line":186,"column":4}}},"32":{"name":"_exists","line":188,"loc":{"start":{"line":188,"column":4},"end":{"line":190,"column":4}}},"33":{"name":"_safeMint","line":192,"loc":{"start":{"line":192,"column":4},"end":{"line":192,"column":93}}},"34":{"name":"_safeMint","line":194,"loc":{"start":{"line":194,"column":4},"end":{"line":216,"column":4}}},"35":{"name":"_mint","line":218,"loc":{"start":{"line":218,"column":4},"end":{"line":232,"column":4}}},"36":{"name":"_transfer","line":234,"loc":{"start":{"line":234,"column":4},"end":{"line":255,"column":4}}},"37":{"name":"_burn","line":257,"loc":{"start":{"line":257,"column":4},"end":{"line":257,"column":78}}},"38":{"name":"_burn","line":259,"loc":{"start":{"line":259,"column":4},"end":{"line":281,"column":4}}},"39":{"name":"_checkContractOnERC721Received","line":283,"loc":{"start":{"line":283,"column":4},"end":{"line":290,"column":4}}},"40":{"name":"_beforeTokenTransfers","line":292,"loc":{"start":{"line":292,"column":4},"end":{"line":292,"column":119}}},"41":{"name":"_afterTokenTransfers","line":293,"loc":{"start":{"line":293,"column":4},"end":{"line":293,"column":118}}},"42":{"name":"_msgSenderERC721A","line":294,"loc":{"start":{"line":294,"column":4},"end":{"line":294,"column":94}}},"43":{"name":"_toString","line":296,"loc":{"start":{"line":296,"column":4},"end":{"line":306,"column":4}}}},"statementMap":{"1":{"start":{"line":52,"column":71},"end":{"line":52,"column":79}},"2":{"start":{"line":53,"column":62},"end":{"line":53,"column":82}},"3":{"start":{"line":56,"column":20},"end":{"line":56,"column":73}},"4":{"start":{"line":60,"column":20},"end":{"line":60,"column":58}},"5":{"start":{"line":63,"column":62},"end":{"line":63,"column":81}},"6":{"start":{"line":66,"column":8},"end":{"line":66,"column":98}},"7":{"start":{"line":70,"column":8},"end":{"line":70,"column":68}},"8":{"start":{"line":71,"column":8},"end":{"line":71,"column":69}},"9":{"start":{"line":75,"column":8},"end":{"line":75,"column":95}},"10":{"start":{"line":79,"column":8},"end":{"line":79,"column":95}},"11":{"start":{"line":83,"column":8},"end":{"line":83,"column":62}},"12":{"start":{"line":87,"column":8},"end":{"line":87,"column":50}},"13":{"start":{"line":88,"column":8},"end":{"line":88,"column":25}},"14":{"start":{"line":95,"column":8},"end":{"line":95,"column":30}},"15":{"start":{"line":97,"column":12},"end":{"line":97,"column":3568}},"16":{"start":{"line":98,"column":16},"end":{"line":98,"column":3613}},"17":{"start":{"line":99,"column":20},"end":{"line":99,"column":60}},"18":{"start":{"line":100,"column":20},"end":{"line":100,"column":3727}},"19":{"start":{"line":101,"column":24},"end":{"line":101,"column":82}},"20":{"start":{"line":102,"column":24},"end":{"line":102,"column":37}},"21":{"start":{"line":116,"column":8},"end":{"line":116,"column":59}},"22":{"start":{"line":120,"column":8},"end":{"line":120,"column":99}},"23":{"start":{"line":124,"column":8},"end":{"line":124,"column":62}},"24":{"start":{"line":128,"column":8},"end":{"line":128,"column":60}},"25":{"start":{"line":131,"column":75},"end":{"line":131,"column":87}},"26":{"start":{"line":132,"column":77},"end":{"line":132,"column":91}},"27":{"start":{"line":135,"column":8},"end":{"line":135,"column":67}},"28":{"start":{"line":136,"column":8},"end":{"line":136,"column":42}},"29":{"start":{"line":137,"column":8},"end":{"line":137,"column":102}},"30":{"start":{"line":140,"column":72},"end":{"line":140,"column":81}},"31":{"start":{"line":151,"column":8},"end":{"line":151,"column":69}},"32":{"start":{"line":152,"column":8},"end":{"line":152,"column":56}},"33":{"start":{"line":153,"column":8},"end":{"line":153,"column":6064}},"34":{"start":{"line":154,"column":12},"end":{"line":154,"column":109}},"35":{"start":{"line":156,"column":8},"end":{"line":156,"column":41}},"36":{"start":{"line":160,"column":8},"end":{"line":160,"column":72}},"37":{"start":{"line":161,"column":8},"end":{"line":161,"column":39}},"38":{"start":{"line":165,"column":8},"end":{"line":165,"column":69}},"39":{"start":{"line":167,"column":8},"end":{"line":167,"column":68}},"40":{"start":{"line":171,"column":8},"end":{"line":171,"column":50}},"41":{"start":{"line":175,"column":8},"end":{"line":175,"column":35}},"42":{"start":{"line":179,"column":8},"end":{"line":179,"column":46}},"43":{"start":{"line":183,"column":8},"end":{"line":183,"column":35}},"44":{"start":{"line":184,"column":8},"end":{"line":184,"column":7456}},"45":{"start":{"line":185,"column":12},"end":{"line":185,"column":126}},"46":{"start":{"line":189,"column":8},"end":{"line":189,"column":120}},"47":{"start":{"line":192,"column":64},"end":{"line":192,"column":90}},"48":{"start":{"line":195,"column":8},"end":{"line":195,"column":44}},"49":{"start":{"line":196,"column":8},"end":{"line":196,"column":56}},"50":{"start":{"line":197,"column":8},"end":{"line":197,"column":52}},"51":{"start":{"line":198,"column":8},"end":{"line":198,"column":68}},"52":{"start":{"line":202,"column":12},"end":{"line":202,"column":47}},"53":{"start":{"line":203,"column":12},"end":{"line":203,"column":49}},"54":{"start":{"line":204,"column":12},"end":{"line":204,"column":8501}},"55":{"start":{"line":209,"column":16},"end":{"line":209,"column":59}},"56":{"start":{"line":209,"column":51},"end":{"line":209,"column":58}},"57":{"start":{"line":215,"column":8},"end":{"line":215,"column":67}},"58":{"start":{"line":219,"column":8},"end":{"line":219,"column":44}},"59":{"start":{"line":220,"column":8},"end":{"line":220,"column":56}},"60":{"start":{"line":221,"column":8},"end":{"line":221,"column":52}},"61":{"start":{"line":222,"column":8},"end":{"line":222,"column":68}},"62":{"start":{"line":226,"column":12},"end":{"line":226,"column":47}},"63":{"start":{"line":227,"column":12},"end":{"line":227,"column":49}},"64":{"start":{"line":231,"column":8},"end":{"line":231,"column":67}},"65":{"start":{"line":235,"column":8},"end":{"line":235,"column":65}},"66":{"start":{"line":236,"column":8},"end":{"line":236,"column":94}},"67":{"start":{"line":237,"column":8},"end":{"line":237,"column":156}},"68":{"start":{"line":238,"column":8},"end":{"line":238,"column":74}},"69":{"start":{"line":239,"column":8},"end":{"line":239,"column":60}},"70":{"start":{"line":240,"column":8},"end":{"line":240,"column":50}},"71":{"start":{"line":246,"column":12},"end":{"line":246,"column":10900}},"72":{"start":{"line":247,"column":16},"end":{"line":247,"column":49}},"73":{"start":{"line":248,"column":16},"end":{"line":248,"column":11030}},"74":{"start":{"line":249,"column":20},"end":{"line":249,"column":110}},"75":{"start":{"line":253,"column":8},"end":{"line":253,"column":40}},"76":{"start":{"line":254,"column":8},"end":{"line":254,"column":49}},"77":{"start":{"line":257,"column":55},"end":{"line":257,"column":75}},"78":{"start":{"line":260,"column":8},"end":{"line":260,"column":65}},"79":{"start":{"line":261,"column":8},"end":{"line":261,"column":60}},"80":{"start":{"line":262,"column":8},"end":{"line":262,"column":11613}},"81":{"start":{"line":263,"column":12},"end":{"line":263,"column":160}},"82":{"start":{"line":264,"column":12},"end":{"line":264,"column":78}},"83":{"start":{"line":266,"column":8},"end":{"line":266,"column":58}},"84":{"start":{"line":271,"column":12},"end":{"line":271,"column":12253}},"85":{"start":{"line":272,"column":16},"end":{"line":272,"column":49}},"86":{"start":{"line":273,"column":16},"end":{"line":273,"column":12383}},"87":{"start":{"line":274,"column":20},"end":{"line":274,"column":110}},"88":{"start":{"line":278,"column":8},"end":{"line":278,"column":48}},"89":{"start":{"line":279,"column":8},"end":{"line":279,"column":57}},"90":{"start":{"line":284,"column":8},"end":{"line":284,"column":12867}},"91":{"start":{"line":285,"column":12},"end":{"line":285,"column":83}},"92":{"start":{"line":287,"column":12},"end":{"line":287,"column":13186}},"93":{"start":{"line":294,"column":75},"end":{"line":294,"column":92}}},"branchMap":{"1":{"line":66,"type":"cond-expr","locations":[{"start":{"line":66,"column":15},"end":{"line":66,"column":39}},{"start":{"line":66,"column":44},"end":{"line":66,"column":68}}]},"2":{"line":66,"type":"cond-expr","locations":[{"start":{"line":66,"column":15},"end":{"line":66,"column":68}},{"start":{"line":66,"column":73},"end":{"line":66,"column":97}}]},"3":{"line":70,"type":"if","locations":[{"start":{"line":70,"column":8},"end":{"line":70,"column":8}},{"start":{"line":70,"column":8},"end":{"line":70,"column":8}}]},"4":{"line":97,"type":"if","locations":[{"start":{"line":97,"column":12},"end":{"line":97,"column":12}},{"start":{"line":97,"column":12},"end":{"line":97,"column":12}}]},"5":{"line":98,"type":"if","locations":[{"start":{"line":98,"column":16},"end":{"line":98,"column":16}},{"start":{"line":98,"column":16},"end":{"line":98,"column":16}}]},"6":{"line":100,"type":"if","locations":[{"start":{"line":100,"column":20},"end":{"line":100,"column":20}},{"start":{"line":100,"column":20},"end":{"line":100,"column":20}}]},"7":{"line":120,"type":"if","locations":[{"start":{"line":120,"column":8},"end":{"line":120,"column":8}},{"start":{"line":120,"column":8},"end":{"line":120,"column":8}}]},"8":{"line":135,"type":"if","locations":[{"start":{"line":135,"column":8},"end":{"line":135,"column":8}},{"start":{"line":135,"column":8},"end":{"line":135,"column":8}}]},"9":{"line":137,"type":"if","locations":[{"start":{"line":137,"column":44},"end":{"line":137,"column":96}},{"start":{"line":137,"column":100},"end":{"line":137,"column":101}}]},"10":{"line":152,"type":"if","locations":[{"start":{"line":152,"column":8},"end":{"line":152,"column":8}},{"start":{"line":152,"column":8},"end":{"line":152,"column":8}}]},"11":{"line":153,"type":"if","locations":[{"start":{"line":153,"column":8},"end":{"line":153,"column":8}},{"start":{"line":153,"column":8},"end":{"line":153,"column":8}}]},"12":{"line":154,"type":"if","locations":[{"start":{"line":154,"column":12},"end":{"line":154,"column":12}},{"start":{"line":154,"column":12},"end":{"line":154,"column":12}}]},"13":{"line":160,"type":"if","locations":[{"start":{"line":160,"column":8},"end":{"line":160,"column":8}},{"start":{"line":160,"column":8},"end":{"line":160,"column":8}}]},"14":{"line":165,"type":"if","locations":[{"start":{"line":165,"column":8},"end":{"line":165,"column":8}},{"start":{"line":165,"column":8},"end":{"line":165,"column":8}}]},"15":{"line":184,"type":"if","locations":[{"start":{"line":184,"column":8},"end":{"line":184,"column":8}},{"start":{"line":184,"column":8},"end":{"line":184,"column":8}}]},"16":{"line":185,"type":"if","locations":[{"start":{"line":185,"column":12},"end":{"line":185,"column":12}},{"start":{"line":185,"column":12},"end":{"line":185,"column":12}}]},"17":{"line":196,"type":"if","locations":[{"start":{"line":196,"column":8},"end":{"line":196,"column":8}},{"start":{"line":196,"column":8},"end":{"line":196,"column":8}}]},"18":{"line":197,"type":"if","locations":[{"start":{"line":197,"column":8},"end":{"line":197,"column":8}},{"start":{"line":197,"column":8},"end":{"line":197,"column":8}}]},"19":{"line":204,"type":"if","locations":[{"start":{"line":204,"column":12},"end":{"line":204,"column":12}},{"start":{"line":204,"column":12},"end":{"line":204,"column":12}}]},"20":{"line":209,"type":"if","locations":[{"start":{"line":209,"column":16},"end":{"line":209,"column":16}},{"start":{"line":209,"column":16},"end":{"line":209,"column":16}}]},"21":{"line":220,"type":"if","locations":[{"start":{"line":220,"column":8},"end":{"line":220,"column":8}},{"start":{"line":220,"column":8},"end":{"line":220,"column":8}}]},"22":{"line":221,"type":"if","locations":[{"start":{"line":221,"column":8},"end":{"line":221,"column":8}},{"start":{"line":221,"column":8},"end":{"line":221,"column":8}}]},"23":{"line":236,"type":"if","locations":[{"start":{"line":236,"column":8},"end":{"line":236,"column":8}},{"start":{"line":236,"column":8},"end":{"line":236,"column":8}}]},"24":{"line":238,"type":"if","locations":[{"start":{"line":238,"column":8},"end":{"line":238,"column":8}},{"start":{"line":238,"column":8},"end":{"line":238,"column":8}}]},"25":{"line":239,"type":"if","locations":[{"start":{"line":239,"column":8},"end":{"line":239,"column":8}},{"start":{"line":239,"column":8},"end":{"line":239,"column":8}}]},"26":{"line":246,"type":"if","locations":[{"start":{"line":246,"column":12},"end":{"line":246,"column":12}},{"start":{"line":246,"column":12},"end":{"line":246,"column":12}}]},"27":{"line":248,"type":"if","locations":[{"start":{"line":248,"column":16},"end":{"line":248,"column":16}},{"start":{"line":248,"column":16},"end":{"line":248,"column":16}}]},"28":{"line":249,"type":"if","locations":[{"start":{"line":249,"column":20},"end":{"line":249,"column":20}},{"start":{"line":249,"column":20},"end":{"line":249,"column":20}}]},"29":{"line":262,"type":"if","locations":[{"start":{"line":262,"column":8},"end":{"line":262,"column":8}},{"start":{"line":262,"column":8},"end":{"line":262,"column":8}}]},"30":{"line":264,"type":"if","locations":[{"start":{"line":264,"column":12},"end":{"line":264,"column":12}},{"start":{"line":264,"column":12},"end":{"line":264,"column":12}}]},"31":{"line":271,"type":"if","locations":[{"start":{"line":271,"column":12},"end":{"line":271,"column":12}},{"start":{"line":271,"column":12},"end":{"line":271,"column":12}}]},"32":{"line":273,"type":"if","locations":[{"start":{"line":273,"column":16},"end":{"line":273,"column":16}},{"start":{"line":273,"column":16},"end":{"line":273,"column":16}}]},"33":{"line":274,"type":"if","locations":[{"start":{"line":274,"column":20},"end":{"line":274,"column":20}},{"start":{"line":274,"column":20},"end":{"line":274,"column":20}}]},"34":{"line":287,"type":"if","locations":[{"start":{"line":287,"column":12},"end":{"line":287,"column":12}},{"start":{"line":287,"column":12},"end":{"line":287,"column":12}}]}}},"contracts/ERC721A/IERC721A.sol":{"l":{},"path":"/Users/nicholas/school/defi/EtherMon-School-Project-/smart_contracts/hardhat/contracts/ERC721A/IERC721A.sol","s":{},"b":{},"f":{},"fnMap":{},"statementMap":{},"branchMap":{}},"contracts/PokechainMarketplace.sol":{"l":{"99":50,"100":50,"108":74,"109":71,"113":42,"114":41,"118":41,"119":41,"137":18,"138":17,"139":16,"145":15,"151":15,"159":3,"160":3,"161":3,"163":2,"164":2,"173":2,"174":2,"175":2,"176":2,"178":2,"179":2,"187":7,"188":7,"189":7,"192":6,"195":6,"196":6,"197":6,"200":6,"203":5,"204":5,"207":5,"208":1,"209":1,"212":5,"231":23,"232":23,"233":22,"234":21,"235":21,"241":21,"243":21,"253":21,"261":22,"262":22,"263":22,"264":22,"265":21,"268":20,"269":15,"271":5,"275":18,"276":4,"280":18,"281":18,"283":18,"291":5,"292":5,"293":5,"294":5,"296":4,"297":4,"299":4,"301":4,"302":4,"303":4,"306":4,"309":3,"310":3,"312":3,"315":0,"324":2,"325":2,"326":2,"327":2,"329":1,"330":1,"337":3,"338":3,"341":2,"343":2,"344":2,"346":2,"357":4,"358":4,"366":2,"367":1,"368":1,"375":2,"376":2,"377":1,"379":1,"380":1,"382":1,"394":2,"401":3,"408":2,"415":1,"422":1,"445":0,"446":0,"447":0,"450":0,"451":0,"452":0,"453":0,"456":0},"path":"/Users/nicholas/school/defi/EtherMon-School-Project-/smart_contracts/hardhat/contracts/PokechainMarketplace.sol","s":{"1":50,"2":74,"3":42,"4":41,"5":18,"6":17,"7":16,"8":15,"9":3,"10":3,"11":3,"12":2,"13":2,"14":2,"15":2,"16":2,"17":2,"18":7,"19":7,"20":7,"21":6,"22":6,"23":6,"24":5,"25":5,"26":5,"27":1,"28":1,"29":5,"30":23,"31":23,"32":22,"33":21,"34":21,"35":21,"36":21,"37":22,"38":22,"39":22,"40":22,"41":21,"42":20,"43":15,"44":5,"45":18,"46":18,"47":5,"48":5,"49":5,"50":5,"51":4,"52":4,"53":4,"54":4,"55":3,"56":3,"57":3,"58":0,"59":2,"60":2,"61":2,"62":2,"63":1,"64":3,"65":3,"66":2,"67":2,"68":2,"69":4,"70":2,"71":1,"72":2,"73":2,"74":1,"75":1,"76":1,"77":2,"78":3,"79":2,"80":1,"81":1,"82":0,"83":0,"84":0,"85":0,"86":0,"87":0,"88":0,"89":0},"b":{"1":[50,0],"2":[71,3],"3":[41,1],"4":[41,0],"5":[19,1],"6":[18,1],"7":[18,0],"8":[17,1],"9":[16,1],"10":[15,1],"11":[0,15],"12":[3,0],"13":[2,1],"14":[2,0],"15":[2,0],"16":[2,0],"17":[7,0],"18":[7,0],"19":[7,0],"20":[6,1],"21":[5,0],"22":[1,4],"23":[1,0],"24":[23,1],"25":[23,0],"26":[23,0],"27":[23,0],"28":[22,1],"29":[21,1],"30":[21,0],"31":[21,0],"32":[0,21],"33":[22,1],"34":[22,0],"35":[22,0],"36":[22,0],"37":[21,1],"38":[20,1],"39":[15,5],"40":[14,1],"41":[4,1],"42":[4,14],"43":[5,0],"44":[5,0],"45":[5,0],"46":[4,1],"47":[4,0],"48":[3,0],"49":[2,0],"50":[2,0],"51":[1,1],"52":[3,0],"53":[2,1],"54":[2,0],"55":[4,0],"56":[2,0],"57":[1,1],"58":[2,0],"59":[2,0],"60":[1,1],"61":[1,0],"62":[0,0],"63":[0,0],"64":[0,0]},"f":{"1":50,"2":74,"3":42,"4":41,"5":18,"6":3,"7":2,"8":7,"9":23,"10":22,"11":5,"12":2,"13":3,"14":4,"15":2,"16":2,"17":2,"18":3,"19":2,"20":1,"21":1,"22":0},"fnMap":{"1":{"name":"constructor","line":98,"loc":{"start":{"line":98,"column":4},"end":{"line":101,"column":4}}},"2":{"name":"whenNotPaused","line":107,"loc":{"start":{"line":107,"column":4},"end":{"line":110,"column":4}}},"3":{"name":"notListed","line":112,"loc":{"start":{"line":112,"column":4},"end":{"line":115,"column":4}}},"4":{"name":"notInAuction","line":117,"loc":{"start":{"line":117,"column":4},"end":{"line":120,"column":4}}},"5":{"name":"listItem","line":135,"loc":{"start":{"line":131,"column":4},"end":{"line":152,"column":4}}},"6":{"name":"cancelListing","line":158,"loc":{"start":{"line":158,"column":4},"end":{"line":165,"column":4}}},"7":{"name":"updateListing","line":172,"loc":{"start":{"line":172,"column":4},"end":{"line":180,"column":4}}},"8":{"name":"buyItem","line":186,"loc":{"start":{"line":186,"column":4},"end":{"line":213,"column":4}}},"9":{"name":"createAuction","line":229,"loc":{"start":{"line":225,"column":4},"end":{"line":254,"column":4}}},"10":{"name":"placeBid","line":260,"loc":{"start":{"line":260,"column":4},"end":{"line":284,"column":4}}},"11":{"name":"endAuction","line":290,"loc":{"start":{"line":290,"column":4},"end":{"line":317,"column":4}}},"12":{"name":"cancelAuction","line":323,"loc":{"start":{"line":323,"column":4},"end":{"line":331,"column":4}}},"13":{"name":"withdraw","line":336,"loc":{"start":{"line":336,"column":4},"end":{"line":347,"column":4}}},"14":{"name":"togglePause","line":356,"loc":{"start":{"line":356,"column":4},"end":{"line":359,"column":4}}},"15":{"name":"setPlatformFee","line":365,"loc":{"start":{"line":365,"column":4},"end":{"line":369,"column":4}}},"16":{"name":"withdrawFees","line":374,"loc":{"start":{"line":374,"column":4},"end":{"line":383,"column":4}}},"17":{"name":"getListing","line":393,"loc":{"start":{"line":393,"column":4},"end":{"line":395,"column":4}}},"18":{"name":"getAuction","line":400,"loc":{"start":{"line":400,"column":4},"end":{"line":402,"column":4}}},"19":{"name":"isListed","line":407,"loc":{"start":{"line":407,"column":4},"end":{"line":409,"column":4}}},"20":{"name":"isInAuction","line":414,"loc":{"start":{"line":414,"column":4},"end":{"line":416,"column":4}}},"21":{"name":"getPendingReturns","line":421,"loc":{"start":{"line":421,"column":4},"end":{"line":423,"column":4}}},"22":{"name":"getTokenStatus","line":439,"loc":{"start":{"line":439,"column":4},"end":{"line":457,"column":4}}}},"statementMap":{"1":{"start":{"line":99,"column":8},"end":{"line":99,"column":74}},"2":{"start":{"line":108,"column":8},"end":{"line":108,"column":48}},"3":{"start":{"line":113,"column":8},"end":{"line":113,"column":68}},"4":{"start":{"line":118,"column":8},"end":{"line":118,"column":63}},"5":{"start":{"line":137,"column":8},"end":{"line":137,"column":57}},"6":{"start":{"line":138,"column":8},"end":{"line":138,"column":75}},"7":{"start":{"line":139,"column":8},"end":{"line":139,"column":4883}},"8":{"start":{"line":151,"column":8},"end":{"line":151,"column":51}},"9":{"start":{"line":159,"column":8},"end":{"line":159,"column":51}},"10":{"start":{"line":160,"column":8},"end":{"line":160,"column":44}},"11":{"start":{"line":161,"column":8},"end":{"line":161,"column":62}},"12":{"start":{"line":164,"column":8},"end":{"line":164,"column":38}},"13":{"start":{"line":173,"column":8},"end":{"line":173,"column":51}},"14":{"start":{"line":174,"column":8},"end":{"line":174,"column":44}},"15":{"start":{"line":175,"column":8},"end":{"line":175,"column":62}},"16":{"start":{"line":176,"column":8},"end":{"line":176,"column":60}},"17":{"start":{"line":179,"column":8},"end":{"line":179,"column":46}},"18":{"start":{"line":187,"column":8},"end":{"line":187,"column":50}},"19":{"start":{"line":188,"column":8},"end":{"line":188,"column":44}},"20":{"start":{"line":189,"column":8},"end":{"line":189,"column":66}},"21":{"start":{"line":195,"column":8},"end":{"line":195,"column":62}},"22":{"start":{"line":197,"column":8},"end":{"line":197,"column":52}},"23":{"start":{"line":200,"column":8},"end":{"line":200,"column":68}},"24":{"start":{"line":203,"column":8},"end":{"line":203,"column":82}},"25":{"start":{"line":204,"column":8},"end":{"line":204,"column":51}},"26":{"start":{"line":207,"column":8},"end":{"line":207,"column":7133}},"27":{"start":{"line":208,"column":12},"end":{"line":208,"column":99}},"28":{"start":{"line":209,"column":12},"end":{"line":209,"column":50}},"29":{"start":{"line":212,"column":8},"end":{"line":212,"column":73}},"30":{"start":{"line":231,"column":8},"end":{"line":231,"column":74}},"31":{"start":{"line":232,"column":8},"end":{"line":232,"column":71}},"32":{"start":{"line":233,"column":8},"end":{"line":233,"column":69}},"33":{"start":{"line":234,"column":8},"end":{"line":234,"column":75}},"34":{"start":{"line":235,"column":8},"end":{"line":235,"column":8320}},"35":{"start":{"line":241,"column":8},"end":{"line":241,"column":52}},"36":{"start":{"line":253,"column":8},"end":{"line":253,"column":72}},"37":{"start":{"line":261,"column":8},"end":{"line":261,"column":51}},"38":{"start":{"line":262,"column":8},"end":{"line":262,"column":52}},"39":{"start":{"line":263,"column":8},"end":{"line":263,"column":59}},"40":{"start":{"line":264,"column":8},"end":{"line":264,"column":70}},"41":{"start":{"line":265,"column":8},"end":{"line":265,"column":65}},"42":{"start":{"line":268,"column":8},"end":{"line":268,"column":9511}},"43":{"start":{"line":269,"column":12},"end":{"line":269,"column":82}},"44":{"start":{"line":271,"column":12},"end":{"line":271,"column":85}},"45":{"start":{"line":275,"column":8},"end":{"line":275,"column":9797}},"46":{"start":{"line":283,"column":8},"end":{"line":283,"column":54}},"47":{"start":{"line":291,"column":8},"end":{"line":291,"column":51}},"48":{"start":{"line":292,"column":8},"end":{"line":292,"column":52}},"49":{"start":{"line":293,"column":8},"end":{"line":293,"column":59}},"50":{"start":{"line":294,"column":8},"end":{"line":294,"column":75}},"51":{"start":{"line":299,"column":8},"end":{"line":299,"column":10631}},"52":{"start":{"line":301,"column":12},"end":{"line":301,"column":71}},"53":{"start":{"line":303,"column":12},"end":{"line":303,"column":61}},"54":{"start":{"line":306,"column":12},"end":{"line":306,"column":83}},"55":{"start":{"line":309,"column":12},"end":{"line":309,"column":86}},"56":{"start":{"line":310,"column":12},"end":{"line":310,"column":55}},"57":{"start":{"line":312,"column":12},"end":{"line":312,"column":81}},"58":{"start":{"line":315,"column":12},"end":{"line":315,"column":53}},"59":{"start":{"line":324,"column":8},"end":{"line":324,"column":51}},"60":{"start":{"line":325,"column":8},"end":{"line":325,"column":52}},"61":{"start":{"line":326,"column":8},"end":{"line":326,"column":62}},"62":{"start":{"line":327,"column":8},"end":{"line":327,"column":78}},"63":{"start":{"line":330,"column":8},"end":{"line":330,"column":38}},"64":{"start":{"line":337,"column":8},"end":{"line":337,"column":51}},"65":{"start":{"line":338,"column":8},"end":{"line":338,"column":50}},"66":{"start":{"line":343,"column":8},"end":{"line":343,"column":70}},"67":{"start":{"line":344,"column":8},"end":{"line":344,"column":42}},"68":{"start":{"line":346,"column":8},"end":{"line":346,"column":47}},"69":{"start":{"line":358,"column":8},"end":{"line":358,"column":38}},"70":{"start":{"line":366,"column":8},"end":{"line":366,"column":56}},"71":{"start":{"line":368,"column":8},"end":{"line":368,"column":42}},"72":{"start":{"line":375,"column":8},"end":{"line":375,"column":41}},"73":{"start":{"line":376,"column":8},"end":{"line":376,"column":50}},"74":{"start":{"line":379,"column":8},"end":{"line":379,"column":68}},"75":{"start":{"line":380,"column":8},"end":{"line":380,"column":42}},"76":{"start":{"line":382,"column":8},"end":{"line":382,"column":45}},"77":{"start":{"line":394,"column":8},"end":{"line":394,"column":32}},"78":{"start":{"line":401,"column":8},"end":{"line":401,"column":32}},"79":{"start":{"line":408,"column":8},"end":{"line":408,"column":39}},"80":{"start":{"line":415,"column":8},"end":{"line":415,"column":39}},"81":{"start":{"line":422,"column":8},"end":{"line":422,"column":35}},"82":{"start":{"line":445,"column":8},"end":{"line":445,"column":15456}},"83":{"start":{"line":446,"column":12},"end":{"line":446,"column":54}},"84":{"start":{"line":447,"column":12},"end":{"line":447,"column":73}},"85":{"start":{"line":450,"column":8},"end":{"line":450,"column":15646}},"86":{"start":{"line":451,"column":12},"end":{"line":451,"column":54}},"87":{"start":{"line":452,"column":12},"end":{"line":452,"column":102}},"88":{"start":{"line":453,"column":12},"end":{"line":453,"column":90}},"89":{"start":{"line":456,"column":8},"end":{"line":456,"column":51}}},"branchMap":{"1":{"line":99,"type":"if","locations":[{"start":{"line":99,"column":8},"end":{"line":99,"column":8}},{"start":{"line":99,"column":8},"end":{"line":99,"column":8}}]},"2":{"line":108,"type":"if","locations":[{"start":{"line":108,"column":8},"end":{"line":108,"column":8}},{"start":{"line":108,"column":8},"end":{"line":108,"column":8}}]},"3":{"line":113,"type":"if","locations":[{"start":{"line":113,"column":8},"end":{"line":113,"column":8}},{"start":{"line":113,"column":8},"end":{"line":113,"column":8}}]},"4":{"line":118,"type":"if","locations":[{"start":{"line":118,"column":8},"end":{"line":118,"column":8}},{"start":{"line":118,"column":8},"end":{"line":118,"column":8}}]},"5":{"line":133,"type":"if","locations":[{"start":{"line":133,"column":8},"end":{"line":133,"column":8}},{"start":{"line":133,"column":8},"end":{"line":133,"column":8}}]},"6":{"line":134,"type":"if","locations":[{"start":{"line":134,"column":8},"end":{"line":134,"column":8}},{"start":{"line":134,"column":8},"end":{"line":134,"column":8}}]},"7":{"line":135,"type":"if","locations":[{"start":{"line":135,"column":8},"end":{"line":135,"column":8}},{"start":{"line":135,"column":8},"end":{"line":135,"column":8}}]},"8":{"line":137,"type":"if","locations":[{"start":{"line":137,"column":8},"end":{"line":137,"column":8}},{"start":{"line":137,"column":8},"end":{"line":137,"column":8}}]},"9":{"line":138,"type":"if","locations":[{"start":{"line":138,"column":8},"end":{"line":138,"column":8}},{"start":{"line":138,"column":8},"end":{"line":138,"column":8}}]},"10":{"line":139,"type":"if","locations":[{"start":{"line":139,"column":8},"end":{"line":139,"column":8}},{"start":{"line":139,"column":8},"end":{"line":139,"column":8}}]},"11":{"line":140,"type":"cond-expr","locations":[{"start":{"line":140,"column":12},"end":{"line":140,"column":60}},{"start":{"line":141,"column":12},"end":{"line":141,"column":66}}]},"12":{"line":160,"type":"if","locations":[{"start":{"line":160,"column":8},"end":{"line":160,"column":8}},{"start":{"line":160,"column":8},"end":{"line":160,"column":8}}]},"13":{"line":161,"type":"if","locations":[{"start":{"line":161,"column":8},"end":{"line":161,"column":8}},{"start":{"line":161,"column":8},"end":{"line":161,"column":8}}]},"14":{"line":174,"type":"if","locations":[{"start":{"line":174,"column":8},"end":{"line":174,"column":8}},{"start":{"line":174,"column":8},"end":{"line":174,"column":8}}]},"15":{"line":175,"type":"if","locations":[{"start":{"line":175,"column":8},"end":{"line":175,"column":8}},{"start":{"line":175,"column":8},"end":{"line":175,"column":8}}]},"16":{"line":176,"type":"if","locations":[{"start":{"line":176,"column":8},"end":{"line":176,"column":8}},{"start":{"line":176,"column":8},"end":{"line":176,"column":8}}]},"17":{"line":186,"type":"if","locations":[{"start":{"line":186,"column":55},"end":{"line":186,"column":55}},{"start":{"line":186,"column":55},"end":{"line":186,"column":55}}]},"18":{"line":186,"type":"if","locations":[{"start":{"line":186,"column":69},"end":{"line":186,"column":69}},{"start":{"line":186,"column":69},"end":{"line":186,"column":69}}]},"19":{"line":188,"type":"if","locations":[{"start":{"line":188,"column":8},"end":{"line":188,"column":8}},{"start":{"line":188,"column":8},"end":{"line":188,"column":8}}]},"20":{"line":189,"type":"if","locations":[{"start":{"line":189,"column":8},"end":{"line":189,"column":8}},{"start":{"line":189,"column":8},"end":{"line":189,"column":8}}]},"21":{"line":204,"type":"if","locations":[{"start":{"line":204,"column":8},"end":{"line":204,"column":8}},{"start":{"line":204,"column":8},"end":{"line":204,"column":8}}]},"22":{"line":207,"type":"if","locations":[{"start":{"line":207,"column":8},"end":{"line":207,"column":8}},{"start":{"line":207,"column":8},"end":{"line":207,"column":8}}]},"23":{"line":209,"type":"if","locations":[{"start":{"line":209,"column":12},"end":{"line":209,"column":12}},{"start":{"line":209,"column":12},"end":{"line":209,"column":12}}]},"24":{"line":227,"type":"if","locations":[{"start":{"line":227,"column":8},"end":{"line":227,"column":8}},{"start":{"line":227,"column":8},"end":{"line":227,"column":8}}]},"25":{"line":228,"type":"if","locations":[{"start":{"line":228,"column":8},"end":{"line":228,"column":8}},{"start":{"line":228,"column":8},"end":{"line":228,"column":8}}]},"26":{"line":229,"type":"if","locations":[{"start":{"line":229,"column":8},"end":{"line":229,"column":8}},{"start":{"line":229,"column":8},"end":{"line":229,"column":8}}]},"27":{"line":231,"type":"if","locations":[{"start":{"line":231,"column":8},"end":{"line":231,"column":8}},{"start":{"line":231,"column":8},"end":{"line":231,"column":8}}]},"28":{"line":232,"type":"if","locations":[{"start":{"line":232,"column":8},"end":{"line":232,"column":8}},{"start":{"line":232,"column":8},"end":{"line":232,"column":8}}]},"29":{"line":233,"type":"if","locations":[{"start":{"line":233,"column":8},"end":{"line":233,"column":8}},{"start":{"line":233,"column":8},"end":{"line":233,"column":8}}]},"30":{"line":234,"type":"if","locations":[{"start":{"line":234,"column":8},"end":{"line":234,"column":8}},{"start":{"line":234,"column":8},"end":{"line":234,"column":8}}]},"31":{"line":235,"type":"if","locations":[{"start":{"line":235,"column":8},"end":{"line":235,"column":8}},{"start":{"line":235,"column":8},"end":{"line":235,"column":8}}]},"32":{"line":236,"type":"cond-expr","locations":[{"start":{"line":236,"column":12},"end":{"line":236,"column":60}},{"start":{"line":237,"column":12},"end":{"line":237,"column":66}}]},"33":{"line":260,"type":"if","locations":[{"start":{"line":260,"column":56},"end":{"line":260,"column":56}},{"start":{"line":260,"column":56},"end":{"line":260,"column":56}}]},"34":{"line":260,"type":"if","locations":[{"start":{"line":260,"column":70},"end":{"line":260,"column":70}},{"start":{"line":260,"column":70},"end":{"line":260,"column":70}}]},"35":{"line":262,"type":"if","locations":[{"start":{"line":262,"column":8},"end":{"line":262,"column":8}},{"start":{"line":262,"column":8},"end":{"line":262,"column":8}}]},"36":{"line":263,"type":"if","locations":[{"start":{"line":263,"column":8},"end":{"line":263,"column":8}},{"start":{"line":263,"column":8},"end":{"line":263,"column":8}}]},"37":{"line":264,"type":"if","locations":[{"start":{"line":264,"column":8},"end":{"line":264,"column":8}},{"start":{"line":264,"column":8},"end":{"line":264,"column":8}}]},"38":{"line":265,"type":"if","locations":[{"start":{"line":265,"column":8},"end":{"line":265,"column":8}},{"start":{"line":265,"column":8},"end":{"line":265,"column":8}}]},"39":{"line":268,"type":"if","locations":[{"start":{"line":268,"column":8},"end":{"line":268,"column":8}},{"start":{"line":268,"column":8},"end":{"line":268,"column":8}}]},"40":{"line":269,"type":"if","locations":[{"start":{"line":269,"column":12},"end":{"line":269,"column":12}},{"start":{"line":269,"column":12},"end":{"line":269,"column":12}}]},"41":{"line":271,"type":"if","locations":[{"start":{"line":271,"column":12},"end":{"line":271,"column":12}},{"start":{"line":271,"column":12},"end":{"line":271,"column":12}}]},"42":{"line":275,"type":"if","locations":[{"start":{"line":275,"column":8},"end":{"line":275,"column":8}},{"start":{"line":275,"column":8},"end":{"line":275,"column":8}}]},"43":{"line":290,"type":"if","locations":[{"start":{"line":290,"column":50},"end":{"line":290,"column":50}},{"start":{"line":290,"column":50},"end":{"line":290,"column":50}}]},"44":{"line":292,"type":"if","locations":[{"start":{"line":292,"column":8},"end":{"line":292,"column":8}},{"start":{"line":292,"column":8},"end":{"line":292,"column":8}}]},"45":{"line":293,"type":"if","locations":[{"start":{"line":293,"column":8},"end":{"line":293,"column":8}},{"start":{"line":293,"column":8},"end":{"line":293,"column":8}}]},"46":{"line":294,"type":"if","locations":[{"start":{"line":294,"column":8},"end":{"line":294,"column":8}},{"start":{"line":294,"column":8},"end":{"line":294,"column":8}}]},"47":{"line":299,"type":"if","locations":[{"start":{"line":299,"column":8},"end":{"line":299,"column":8}},{"start":{"line":299,"column":8},"end":{"line":299,"column":8}}]},"48":{"line":310,"type":"if","locations":[{"start":{"line":310,"column":12},"end":{"line":310,"column":12}},{"start":{"line":310,"column":12},"end":{"line":310,"column":12}}]},"49":{"line":325,"type":"if","locations":[{"start":{"line":325,"column":8},"end":{"line":325,"column":8}},{"start":{"line":325,"column":8},"end":{"line":325,"column":8}}]},"50":{"line":326,"type":"if","locations":[{"start":{"line":326,"column":8},"end":{"line":326,"column":8}},{"start":{"line":326,"column":8},"end":{"line":326,"column":8}}]},"51":{"line":327,"type":"if","locations":[{"start":{"line":327,"column":8},"end":{"line":327,"column":8}},{"start":{"line":327,"column":8},"end":{"line":327,"column":8}}]},"52":{"line":336,"type":"if","locations":[{"start":{"line":336,"column":33},"end":{"line":336,"column":33}},{"start":{"line":336,"column":33},"end":{"line":336,"column":33}}]},"53":{"line":338,"type":"if","locations":[{"start":{"line":338,"column":8},"end":{"line":338,"column":8}},{"start":{"line":338,"column":8},"end":{"line":338,"column":8}}]},"54":{"line":344,"type":"if","locations":[{"start":{"line":344,"column":8},"end":{"line":344,"column":8}},{"start":{"line":344,"column":8},"end":{"line":344,"column":8}}]},"55":{"line":356,"type":"if","locations":[{"start":{"line":356,"column":36},"end":{"line":356,"column":36}},{"start":{"line":356,"column":36},"end":{"line":356,"column":36}}]},"56":{"line":365,"type":"if","locations":[{"start":{"line":365,"column":56},"end":{"line":365,"column":56}},{"start":{"line":365,"column":56},"end":{"line":365,"column":56}}]},"57":{"line":366,"type":"if","locations":[{"start":{"line":366,"column":8},"end":{"line":366,"column":8}},{"start":{"line":366,"column":8},"end":{"line":366,"column":8}}]},"58":{"line":374,"type":"if","locations":[{"start":{"line":374,"column":37},"end":{"line":374,"column":37}},{"start":{"line":374,"column":37},"end":{"line":374,"column":37}}]},"59":{"line":374,"type":"if","locations":[{"start":{"line":374,"column":47},"end":{"line":374,"column":47}},{"start":{"line":374,"column":47},"end":{"line":374,"column":47}}]},"60":{"line":376,"type":"if","locations":[{"start":{"line":376,"column":8},"end":{"line":376,"column":8}},{"start":{"line":376,"column":8},"end":{"line":376,"column":8}}]},"61":{"line":380,"type":"if","locations":[{"start":{"line":380,"column":8},"end":{"line":380,"column":8}},{"start":{"line":380,"column":8},"end":{"line":380,"column":8}}]},"62":{"line":445,"type":"if","locations":[{"start":{"line":445,"column":8},"end":{"line":445,"column":8}},{"start":{"line":445,"column":8},"end":{"line":445,"column":8}}]},"63":{"line":450,"type":"if","locations":[{"start":{"line":450,"column":8},"end":{"line":450,"column":8}},{"start":{"line":450,"column":8},"end":{"line":450,"column":8}}]},"64":{"line":452,"type":"if","locations":[{"start":{"line":452,"column":60},"end":{"line":452,"column":77}},{"start":{"line":452,"column":81},"end":{"line":452,"column":101}}]}}},"contracts/PokechainNFT.sol":{"l":{"62":74,"63":73,"67":73,"68":73,"80":73,"81":72,"82":71,"83":70,"85":69,"88":69,"92":69,"93":380,"94":380,"95":380,"96":380,"100":69,"101":1,"102":1,"103":1,"113":380,"120":380,"128":3,"136":4,"138":3,"139":3,"141":3,"150":2,"151":2,"158":1,"169":78,"170":78,"177":4,"178":4,"180":3,"181":3,"183":3,"194":6,"195":5,"202":1,"209":1,"216":2},"path":"/Users/nicholas/school/defi/EtherMon-School-Project-/smart_contracts/hardhat/contracts/PokechainNFT.sol","s":{"1":74,"2":73,"3":73,"4":72,"5":71,"6":70,"7":69,"8":69,"9":69,"10":380,"11":380,"12":380,"13":69,"14":1,"15":1,"16":1,"17":380,"18":380,"19":3,"20":4,"21":3,"22":3,"23":3,"24":2,"25":78,"26":4,"27":4,"28":3,"29":3,"30":3,"31":6,"32":5,"33":1,"34":1,"35":2},"b":{"1":[73,1],"2":[73,0],"3":[73,1],"4":[73,0],"5":[72,1],"6":[71,1],"7":[70,1],"8":[69,1],"9":[1,68],"10":[1,0],"11":[3,1],"12":[3,0],"13":[2,1],"14":[1,0],"15":[78,1],"16":[4,1],"17":[4,0],"18":[3,1],"19":[3,0],"20":[5,1]},"f":{"1":82,"2":74,"3":73,"4":73,"5":380,"6":3,"7":4,"8":2,"9":1,"10":78,"11":4,"12":6,"13":1,"14":1,"15":2},"fnMap":{"1":{"name":"constructor","line":55,"loc":{"start":{"line":55,"column":4},"end":{"line":55,"column":59}}},"2":{"name":"whenSaleActive","line":61,"loc":{"start":{"line":61,"column":4},"end":{"line":64,"column":4}}},"3":{"name":"callerIsUser","line":66,"loc":{"start":{"line":66,"column":4},"end":{"line":69,"column":4}}},"4":{"name":"mint","line":79,"loc":{"start":{"line":79,"column":4},"end":{"line":105,"column":4}}},"5":{"name":"_randomPokemonId","line":112,"loc":{"start":{"line":112,"column":4},"end":{"line":121,"column":4}}},"6":{"name":"_baseURI","line":127,"loc":{"start":{"line":127,"column":4},"end":{"line":129,"column":4}}},"7":{"name":"tokenURI","line":135,"loc":{"start":{"line":135,"column":4},"end":{"line":144,"column":4}}},"8":{"name":"setBaseURI","line":149,"loc":{"start":{"line":149,"column":4},"end":{"line":152,"column":4}}},"9":{"name":"setBaseExtension","line":157,"loc":{"start":{"line":157,"column":4},"end":{"line":159,"column":4}}},"10":{"name":"toggleSale","line":168,"loc":{"start":{"line":168,"column":4},"end":{"line":171,"column":4}}},"11":{"name":"withdraw","line":176,"loc":{"start":{"line":176,"column":4},"end":{"line":184,"column":4}}},"12":{"name":"getPokemonId","line":193,"loc":{"start":{"line":193,"column":4},"end":{"line":196,"column":4}}},"13":{"name":"walletMinted","line":201,"loc":{"start":{"line":201,"column":4},"end":{"line":203,"column":4}}},"14":{"name":"remainingSupply","line":208,"loc":{"start":{"line":208,"column":4},"end":{"line":210,"column":4}}},"15":{"name":"isSaleActive","line":215,"loc":{"start":{"line":215,"column":4},"end":{"line":217,"column":4}}}},"statementMap":{"1":{"start":{"line":62,"column":8},"end":{"line":62,"column":48}},"2":{"start":{"line":67,"column":8},"end":{"line":67,"column":69}},"3":{"start":{"line":80,"column":8},"end":{"line":80,"column":63}},"4":{"start":{"line":81,"column":8},"end":{"line":81,"column":76}},"5":{"start":{"line":82,"column":8},"end":{"line":82,"column":100}},"6":{"start":{"line":83,"column":8},"end":{"line":83,"column":74}},"7":{"start":{"line":85,"column":8},"end":{"line":85,"column":45}},"8":{"start":{"line":88,"column":8},"end":{"line":88,"column":34}},"9":{"start":{"line":92,"column":8},"end":{"line":92,"column":3445}},"10":{"start":{"line":93,"column":12},"end":{"line":93,"column":46}},"11":{"start":{"line":94,"column":12},"end":{"line":94,"column":57}},"12":{"start":{"line":96,"column":12},"end":{"line":96,"column":55}},"13":{"start":{"line":100,"column":8},"end":{"line":100,"column":3753}},"14":{"start":{"line":101,"column":12},"end":{"line":101,"column":64}},"15":{"start":{"line":102,"column":12},"end":{"line":102,"column":74}},"16":{"start":{"line":103,"column":12},"end":{"line":103,"column":44}},"17":{"start":{"line":113,"column":8},"end":{"line":113,"column":4260}},"18":{"start":{"line":120,"column":8},"end":{"line":120,"column":43}},"19":{"start":{"line":128,"column":8},"end":{"line":128,"column":22}},"20":{"start":{"line":136,"column":8},"end":{"line":136,"column":83}},"21":{"start":{"line":138,"column":8},"end":{"line":138,"column":53}},"22":{"start":{"line":139,"column":8},"end":{"line":139,"column":49}},"23":{"start":{"line":141,"column":8},"end":{"line":141,"column":5294}},"24":{"start":{"line":151,"column":8},"end":{"line":151,"column":40}},"25":{"start":{"line":170,"column":8},"end":{"line":170,"column":36}},"26":{"start":{"line":177,"column":8},"end":{"line":177,"column":47}},"27":{"start":{"line":178,"column":8},"end":{"line":178,"column":51}},"28":{"start":{"line":180,"column":8},"end":{"line":180,"column":68}},"29":{"start":{"line":181,"column":8},"end":{"line":181,"column":42}},"30":{"start":{"line":183,"column":8},"end":{"line":183,"column":40}},"31":{"start":{"line":194,"column":8},"end":{"line":194,"column":56}},"32":{"start":{"line":195,"column":8},"end":{"line":195,"column":40}},"33":{"start":{"line":202,"column":8},"end":{"line":202,"column":36}},"34":{"start":{"line":209,"column":8},"end":{"line":209,"column":41}},"35":{"start":{"line":216,"column":8},"end":{"line":216,"column":25}}},"branchMap":{"1":{"line":62,"type":"if","locations":[{"start":{"line":62,"column":8},"end":{"line":62,"column":8}},{"start":{"line":62,"column":8},"end":{"line":62,"column":8}}]},"2":{"line":67,"type":"if","locations":[{"start":{"line":67,"column":8},"end":{"line":67,"column":8}},{"start":{"line":67,"column":8},"end":{"line":67,"column":8}}]},"3":{"line":79,"type":"if","locations":[{"start":{"line":79,"column":53},"end":{"line":79,"column":53}},{"start":{"line":79,"column":53},"end":{"line":79,"column":53}}]},"4":{"line":79,"type":"if","locations":[{"start":{"line":79,"column":68},"end":{"line":79,"column":68}},{"start":{"line":79,"column":68},"end":{"line":79,"column":68}}]},"5":{"line":80,"type":"if","locations":[{"start":{"line":80,"column":8},"end":{"line":80,"column":8}},{"start":{"line":80,"column":8},"end":{"line":80,"column":8}}]},"6":{"line":81,"type":"if","locations":[{"start":{"line":81,"column":8},"end":{"line":81,"column":8}},{"start":{"line":81,"column":8},"end":{"line":81,"column":8}}]},"7":{"line":82,"type":"if","locations":[{"start":{"line":82,"column":8},"end":{"line":82,"column":8}},{"start":{"line":82,"column":8},"end":{"line":82,"column":8}}]},"8":{"line":83,"type":"if","locations":[{"start":{"line":83,"column":8},"end":{"line":83,"column":8}},{"start":{"line":83,"column":8},"end":{"line":83,"column":8}}]},"9":{"line":100,"type":"if","locations":[{"start":{"line":100,"column":8},"end":{"line":100,"column":8}},{"start":{"line":100,"column":8},"end":{"line":100,"column":8}}]},"10":{"line":103,"type":"if","locations":[{"start":{"line":103,"column":12},"end":{"line":103,"column":12}},{"start":{"line":103,"column":12},"end":{"line":103,"column":12}}]},"11":{"line":136,"type":"if","locations":[{"start":{"line":136,"column":8},"end":{"line":136,"column":8}},{"start":{"line":136,"column":8},"end":{"line":136,"column":8}}]},"12":{"line":142,"type":"if","locations":[{"start":{"line":142,"column":14},"end":{"line":142,"column":90}},{"start":{"line":143,"column":14},"end":{"line":143,"column":15}}]},"13":{"line":149,"type":"if","locations":[{"start":{"line":149,"column":58},"end":{"line":149,"column":58}},{"start":{"line":149,"column":58},"end":{"line":149,"column":58}}]},"14":{"line":157,"type":"if","locations":[{"start":{"line":157,"column":66},"end":{"line":157,"column":66}},{"start":{"line":157,"column":66},"end":{"line":157,"column":66}}]},"15":{"line":168,"type":"if","locations":[{"start":{"line":168,"column":35},"end":{"line":168,"column":35}},{"start":{"line":168,"column":35},"end":{"line":168,"column":35}}]},"16":{"line":176,"type":"if","locations":[{"start":{"line":176,"column":33},"end":{"line":176,"column":33}},{"start":{"line":176,"column":33},"end":{"line":176,"column":33}}]},"17":{"line":176,"type":"if","locations":[{"start":{"line":176,"column":43},"end":{"line":176,"column":43}},{"start":{"line":176,"column":43},"end":{"line":176,"column":43}}]},"18":{"line":178,"type":"if","locations":[{"start":{"line":178,"column":8},"end":{"line":178,"column":8}},{"start":{"line":178,"column":8},"end":{"line":178,"column":8}}]},"19":{"line":181,"type":"if","locations":[{"start":{"line":181,"column":8},"end":{"line":181,"column":8}},{"start":{"line":181,"column":8},"end":{"line":181,"column":8}}]},"20":{"line":194,"type":"if","locations":[{"start":{"line":194,"column":8},"end":{"line":194,"column":8}},{"start":{"line":194,"column":8},"end":{"line":194,"column":8}}]}}},"contracts/utils/Context.sol":{"l":{"18":228,"22":0},"path":"/Users/nicholas/school/defi/EtherMon-School-Project-/smart_contracts/hardhat/contracts/utils/Context.sol","s":{"1":228,"2":0},"b":{},"f":{"1":228,"2":0},"fnMap":{"1":{"name":"_msgSender","line":17,"loc":{"start":{"line":17,"column":4},"end":{"line":19,"column":4}}},"2":{"name":"_msgData","line":21,"loc":{"start":{"line":21,"column":4},"end":{"line":23,"column":4}}}},"statementMap":{"1":{"start":{"line":18,"column":8},"end":{"line":18,"column":25}},"2":{"start":{"line":22,"column":8},"end":{"line":22,"column":23}}},"branchMap":{}},"contracts/utils/cryptography/MerkleProof.sol":{"l":{"32":0,"44":0,"45":0,"46":0,"47":0,"49":0,"52":0,"55":0,"59":0},"path":"/Users/nicholas/school/defi/EtherMon-School-Project-/smart_contracts/hardhat/contracts/utils/cryptography/MerkleProof.sol","s":{"1":0,"2":0,"3":0,"4":0,"5":0,"6":0},"b":{"1":[0,0]},"f":{"1":0,"2":0,"3":0},"fnMap":{"1":{"name":"verify","line":27,"loc":{"start":{"line":27,"column":4},"end":{"line":33,"column":4}}},"2":{"name":"processProof","line":43,"loc":{"start":{"line":43,"column":4},"end":{"line":56,"column":4}}},"3":{"name":"_efficientHash","line":58,"loc":{"start":{"line":58,"column":4},"end":{"line":64,"column":4}}}},"statementMap":{"1":{"start":{"line":32,"column":8},"end":{"line":32,"column":48}},"2":{"start":{"line":44,"column":8},"end":{"line":44,"column":35}},"3":{"start":{"line":45,"column":8},"end":{"line":45,"column":1837}},"4":{"start":{"line":46,"column":12},"end":{"line":46,"column":43}},"5":{"start":{"line":47,"column":12},"end":{"line":47,"column":1943}},"6":{"start":{"line":55,"column":8},"end":{"line":55,"column":27}}},"branchMap":{"1":{"line":47,"type":"if","locations":[{"start":{"line":47,"column":12},"end":{"line":47,"column":12}},{"start":{"line":47,"column":12},"end":{"line":47,"column":12}}]}}},"contracts/utils/ReentrancyGuard.sol":{"l":{"40":132,"51":43,"52":43,"53":32,"58":43,"61":43,"67":32,"75":0},"path":"/Users/nicholas/school/defi/EtherMon-School-Project-/smart_contracts/hardhat/contracts/utils/ReentrancyGuard.sol","s":{"1":43,"2":32,"3":43,"4":0},"b":{"1":[43,0]},"f":{"1":132,"2":43,"3":43,"4":32,"5":0},"fnMap":{"1":{"name":"constructor","line":39,"loc":{"start":{"line":39,"column":4},"end":{"line":41,"column":4}}},"2":{"name":"nonReentrant","line":50,"loc":{"start":{"line":50,"column":4},"end":{"line":54,"column":4}}},"3":{"name":"_nonReentrantBefore","line":56,"loc":{"start":{"line":56,"column":4},"end":{"line":62,"column":4}}},"4":{"name":"_nonReentrantAfter","line":64,"loc":{"start":{"line":64,"column":4},"end":{"line":68,"column":4}}},"5":{"name":"_reentrancyGuardEntered","line":74,"loc":{"start":{"line":74,"column":4},"end":{"line":76,"column":4}}}},"statementMap":{"1":{"start":{"line":51,"column":8},"end":{"line":51,"column":28}},"2":{"start":{"line":53,"column":8},"end":{"line":53,"column":27}},"3":{"start":{"line":58,"column":8},"end":{"line":58,"column":70}},"4":{"start":{"line":75,"column":8},"end":{"line":75,"column":34}}},"branchMap":{"1":{"line":58,"type":"if","locations":[{"start":{"line":58,"column":8},"end":{"line":58,"column":8}},{"start":{"line":58,"column":8},"end":{"line":58,"column":8}}]}}},"contracts/utils/Strings.sol":{"l":{"19":3,"20":0,"22":3,"23":3,"24":3,"25":9,"26":9,"28":3,"29":3,"30":9,"31":9,"32":9,"34":3,"41":0,"42":0,"44":0,"45":0,"46":0,"47":0,"48":0,"50":0,"57":0,"58":0,"59":0,"60":0,"61":0,"62":0,"64":0,"65":0},"path":"/Users/nicholas/school/defi/EtherMon-School-Project-/smart_contracts/hardhat/contracts/utils/Strings.sol","s":{"1":3,"2":0,"3":3,"4":3,"5":3,"6":3,"7":3,"8":3,"9":0,"10":0,"11":0,"12":0,"13":0,"14":0,"15":0,"16":0,"17":0,"18":0},"b":{"1":[0,3],"2":[0,0],"3":[0,0]},"f":{"1":3,"2":0,"3":0},"fnMap":{"1":{"name":"toString","line":15,"loc":{"start":{"line":15,"column":4},"end":{"line":35,"column":4}}},"2":{"name":"toHexString","line":40,"loc":{"start":{"line":40,"column":4},"end":{"line":51,"column":4}}},"3":{"name":"toHexString","line":56,"loc":{"start":{"line":56,"column":4},"end":{"line":66,"column":4}}}},"statementMap":{"1":{"start":{"line":19,"column":8},"end":{"line":19,"column":606}},"2":{"start":{"line":20,"column":12},"end":{"line":20,"column":22}},"3":{"start":{"line":22,"column":8},"end":{"line":22,"column":28}},"4":{"start":{"line":23,"column":8},"end":{"line":23,"column":22}},"5":{"start":{"line":24,"column":8},"end":{"line":24,"column":720}},"6":{"start":{"line":28,"column":8},"end":{"line":28,"column":47}},"7":{"start":{"line":29,"column":8},"end":{"line":29,"column":853}},"8":{"start":{"line":34,"column":8},"end":{"line":34,"column":29}},"9":{"start":{"line":41,"column":8},"end":{"line":41,"column":1229}},"10":{"start":{"line":42,"column":12},"end":{"line":42,"column":25}},"11":{"start":{"line":44,"column":8},"end":{"line":44,"column":28}},"12":{"start":{"line":45,"column":8},"end":{"line":45,"column":26}},"13":{"start":{"line":46,"column":8},"end":{"line":46,"column":1350}},"14":{"start":{"line":50,"column":8},"end":{"line":50,"column":41}},"15":{"start":{"line":57,"column":8},"end":{"line":57,"column":55}},"16":{"start":{"line":60,"column":8},"end":{"line":60,"column":1804}},"17":{"start":{"line":64,"column":8},"end":{"line":64,"column":62}},"18":{"start":{"line":65,"column":8},"end":{"line":65,"column":29}}},"branchMap":{"1":{"line":19,"type":"if","locations":[{"start":{"line":19,"column":8},"end":{"line":19,"column":8}},{"start":{"line":19,"column":8},"end":{"line":19,"column":8}}]},"2":{"line":41,"type":"if","locations":[{"start":{"line":41,"column":8},"end":{"line":41,"column":8}},{"start":{"line":41,"column":8},"end":{"line":41,"column":8}}]},"3":{"line":64,"type":"if","locations":[{"start":{"line":64,"column":8},"end":{"line":64,"column":8}},{"start":{"line":64,"column":8},"end":{"line":64,"column":8}}]}}}}