TN:
SF:/Users/nicholas/school/defi/EtherMon-School-Project-/smart_contracts/hardhat/contracts/access/Ownable.sol
FN:28,constructor
FN:35,owner
FN:42,onlyOwner
FN:54,renounceOwnership
FN:62,transferOwnership
FN:71,_transferOwnership
FNF:6
FNH:4
FNDA:132,constructor
FNDA:104,owner
FNDA:96,onlyOwner
FNDA:0,renounceOwnership
FNDA:0,transferOwnership
FNDA:132,_transferOwnership
DA:29,132
DA:36,104
DA:43,96
DA:44,93
DA:55,0
DA:63,0
DA:64,0
DA:72,132
DA:73,132
DA:74,132
LF:10
LH:7
BRDA:43,1,0,93
BRDA:43,1,1,3
BRDA:54,2,0,0
BRDA:54,2,1,0
BRDA:62,3,0,0
BRDA:62,3,1,0
BRDA:63,4,0,0
BRDA:63,4,1,0
BRF:8
BRH:2
end_of_record
TN:
SF:/Users/nicholas/school/defi/EtherMon-School-Project-/smart_contracts/hardhat/contracts/ERC721A/ERC721A.sol
FN:46,constructor
FN:52,_startTokenId
FN:53,_nextTokenId
FN:55,totalSupply
FN:59,_totalMinted
FN:63,_totalBurned
FN:65,supportsInterface
FN:69,balanceOf
FN:74,_numberMinted
FN:78,_numberBurned
FN:82,_getAux
FN:86,_setAux
FN:94,_packedOwnershipOf
FN:109,_unpackedOwnership
FN:115,_ownershipAt
FN:119,_initializeOwnershipAt
FN:123,_ownershipOf
FN:127,ownerOf
FN:131,name
FN:132,symbol
FN:134,tokenURI
FN:140,_baseURI
FN:142,_addressToUint256
FN:146,_boolToUint256
FN:150,approve
FN:159,getApproved
FN:164,setApprovalForAll
FN:170,isApprovedForAll
FN:174,transferFrom
FN:178,safeTransferFrom
FN:182,safeTransferFrom
FN:188,_exists
FN:192,_safeMint
FN:194,_safeMint
FN:218,_mint
FN:234,_transfer
FN:257,_burn
FN:259,_burn
FN:283,_checkContractOnERC721Received
FN:292,_beforeTokenTransfers
FN:293,_afterTokenTransfers
FN:294,_msgSenderERC721A
FN:296,_toString
FNF:43
FNH:22
FNDA:82,constructor
FNDA:636,_startTokenId
FNDA:69,_nextTokenId
FNDA:455,totalSupply
FNDA:0,_totalMinted
FNDA:0,_totalBurned
FNDA:0,supportsInterface
FNDA:2,balanceOf
FNDA:72,_numberMinted
FNDA:0,_numberBurned
FNDA:0,_getAux
FNDA:0,_setAux
FNDA:51,_packedOwnershipOf
FNDA:0,_unpackedOwnership
FNDA:0,_ownershipAt
FNDA:0,_initializeOwnershipAt
FNDA:0,_ownershipOf
FNDA:40,ownerOf
FNDA:1,name
FNDA:1,symbol
FNDA:0,tokenURI
FNDA:0,_baseURI
FNDA:78,_addressToUint256
FNDA:69,_boolToUint256
FNDA:0,approve
FNDA:38,getApproved
FNDA:52,setApprovalForAll
FNDA:46,isApprovedForAll
FNDA:11,transferFrom
FNDA:0,safeTransferFrom
FNDA:0,safeTransferFrom
FNDA:48,_exists
FNDA:0,_safeMint
FNDA:0,_safeMint
FNDA:69,_mint
FNDA:11,_transfer
FNDA:0,_burn
FNDA:0,_burn
FNDA:0,_checkContractOnERC721Received
FNDA:78,_beforeTokenTransfers
FNDA:78,_afterTokenTransfers
FNDA:176,_msgSenderERC721A
FNDA:0,_toString
DA:47,82
DA:48,82
DA:49,82
DA:56,455
DA:60,0
DA:66,0
DA:70,2
DA:71,2
DA:75,72
DA:79,0
DA:83,0
DA:87,0
DA:88,0
DA:89,0
DA:90,0
DA:91,0
DA:95,51
DA:96,51
DA:97,51
DA:98,51
DA:99,51
DA:100,51
DA:101,51
DA:102,51
DA:106,0
DA:110,0
DA:111,0
DA:112,0
DA:116,0
DA:120,0
DA:124,0
DA:128,40
DA:135,0
DA:136,0
DA:137,0
DA:143,78
DA:147,69
DA:151,0
DA:152,0
DA:153,0
DA:154,0
DA:155,0
DA:156,0
DA:160,38
DA:161,38
DA:165,52
DA:166,52
DA:167,52
DA:171,46
DA:175,11
DA:179,0
DA:183,0
DA:184,0
DA:185,0
DA:189,48
DA:195,0
DA:196,0
DA:197,0
DA:198,0
DA:199,0
DA:200,0
DA:201,0
DA:202,0
DA:203,0
DA:204,0
DA:205,0
DA:209,0
DA:211,0
DA:213,0
DA:215,0
DA:219,69
DA:220,69
DA:221,69
DA:222,69
DA:223,69
DA:224,69
DA:225,69
DA:226,69
DA:227,69
DA:228,69
DA:229,69
DA:231,69
DA:235,11
DA:236,11
DA:237,10
DA:238,10
DA:239,9
DA:240,9
DA:241,9
DA:242,9
DA:243,9
DA:244,9
DA:245,9
DA:246,9
DA:247,9
DA:248,9
DA:249,9
DA:253,9
DA:254,9
DA:260,0
DA:261,0
DA:262,0
DA:263,0
DA:264,0
DA:266,0
DA:267,0
DA:268,0
DA:269,0
DA:270,0
DA:271,0
DA:272,0
DA:273,0
DA:274,0
DA:278,0
DA:279,0
DA:280,0
DA:284,0
DA:285,0
DA:287,0
DA:297,0
LF:120
LH:55
BRDA:66,1,0,0
BRDA:66,1,1,0
BRDA:66,2,0,0
BRDA:66,2,1,0
BRDA:70,3,0,0
BRDA:70,3,1,2
BRDA:97,4,0,51
BRDA:97,4,1,0
BRDA:98,5,0,51
BRDA:98,5,1,0
BRDA:100,6,0,51
BRDA:100,6,1,0
BRDA:120,7,0,0
BRDA:120,7,1,0
BRDA:135,8,0,0
BRDA:135,8,1,0
BRDA:137,9,0,0
BRDA:137,9,1,0
BRDA:152,10,0,0
BRDA:152,10,1,0
BRDA:153,11,0,0
BRDA:153,11,1,0
BRDA:154,12,0,0
BRDA:154,12,1,0
BRDA:160,13,0,0
BRDA:160,13,1,38
BRDA:165,14,0,0
BRDA:165,14,1,52
BRDA:184,15,0,0
BRDA:184,15,1,0
BRDA:185,16,0,0
BRDA:185,16,1,0
BRDA:196,17,0,0
BRDA:196,17,1,0
BRDA:197,18,0,0
BRDA:197,18,1,0
BRDA:204,19,0,0
BRDA:204,19,1,0
BRDA:209,20,0,0
BRDA:209,20,1,0
BRDA:220,21,0,0
BRDA:220,21,1,69
BRDA:221,22,0,0
BRDA:221,22,1,69
BRDA:236,23,0,1
BRDA:236,23,1,10
BRDA:238,24,0,1
BRDA:238,24,1,9
BRDA:239,25,0,0
BRDA:239,25,1,9
BRDA:246,26,0,9
BRDA:246,26,1,0
BRDA:248,27,0,9
BRDA:248,27,1,0
BRDA:249,28,0,9
BRDA:249,28,1,0
BRDA:262,29,0,0
BRDA:262,29,1,0
BRDA:264,30,0,0
BRDA:264,30,1,0
BRDA:271,31,0,0
BRDA:271,31,1,0
BRDA:273,32,0,0
BRDA:273,32,1,0
BRDA:274,33,0,0
BRDA:274,33,1,0
BRDA:287,34,0,0
BRDA:287,34,1,0
BRF:68
BRH:16
end_of_record
TN:
SF:/Users/nicholas/school/defi/EtherMon-School-Project-/smart_contracts/hardhat/contracts/ERC721A/IERC721A.sol
FNF:0
FNH:0
LF:0
LH:0
BRF:0
BRH:0
end_of_record
TN:
SF:/Users/nicholas/school/defi/EtherMon-School-Project-/smart_contracts/hardhat/contracts/PokechainMarketplace.sol
FN:98,constructor
FN:107,whenNotPaused
FN:112,notListed
FN:117,notInAuction
FN:135,listItem
FN:158,cancelListing
FN:172,updateListing
FN:186,buyItem
FN:229,createAuction
FN:260,placeBid
FN:290,endAuction
FN:323,cancelAuction
FN:336,withdraw
FN:356,togglePause
FN:365,setPlatformFee
FN:374,withdrawFees
FN:393,getListing
FN:400,getAuction
FN:407,isListed
FN:414,isInAuction
FN:421,getPendingReturns
FN:439,getTokenStatus
FNF:22
FNH:21
FNDA:50,constructor
FNDA:74,whenNotPaused
FNDA:42,notListed
FNDA:41,notInAuction
FNDA:18,listItem
FNDA:3,cancelListing
FNDA:2,updateListing
FNDA:7,buyItem
FNDA:23,createAuction
FNDA:22,placeBid
FNDA:5,endAuction
FNDA:2,cancelAuction
FNDA:3,withdraw
FNDA:4,togglePause
FNDA:2,setPlatformFee
FNDA:2,withdrawFees
FNDA:2,getListing
FNDA:3,getAuction
FNDA:2,isListed
FNDA:1,isInAuction
FNDA:1,getPendingReturns
FNDA:0,getTokenStatus
DA:99,50
DA:100,50
DA:108,74
DA:109,71
DA:113,42
DA:114,41
DA:118,41
DA:119,41
DA:137,18
DA:138,17
DA:139,16
DA:145,15
DA:151,15
DA:159,3
DA:160,3
DA:161,3
DA:163,2
DA:164,2
DA:173,2
DA:174,2
DA:175,2
DA:176,2
DA:178,2
DA:179,2
DA:187,7
DA:188,7
DA:189,7
DA:192,6
DA:195,6
DA:196,6
DA:197,6
DA:200,6
DA:203,5
DA:204,5
DA:207,5
DA:208,1
DA:209,1
DA:212,5
DA:231,23
DA:232,23
DA:233,22
DA:234,21
DA:235,21
DA:241,21
DA:243,21
DA:253,21
DA:261,22
DA:262,22
DA:263,22
DA:264,22
DA:265,21
DA:268,20
DA:269,15
DA:271,5
DA:275,18
DA:276,4
DA:280,18
DA:281,18
DA:283,18
DA:291,5
DA:292,5
DA:293,5
DA:294,5
DA:296,4
DA:297,4
DA:299,4
DA:301,4
DA:302,4
DA:303,4
DA:306,4
DA:309,3
DA:310,3
DA:312,3
DA:315,0
DA:324,2
DA:325,2
DA:326,2
DA:327,2
DA:329,1
DA:330,1
DA:337,3
DA:338,3
DA:341,2
DA:343,2
DA:344,2
DA:346,2
DA:357,4
DA:358,4
DA:366,2
DA:367,1
DA:368,1
DA:375,2
DA:376,2
DA:377,1
DA:379,1
DA:380,1
DA:382,1
DA:394,2
DA:401,3
DA:408,2
DA:415,1
DA:422,1
DA:445,0
DA:446,0
DA:447,0
DA:450,0
DA:451,0
DA:452,0
DA:453,0
DA:456,0
LF:110
LH:101
BRDA:99,1,0,50
BRDA:99,1,1,0
BRDA:108,2,0,71
BRDA:108,2,1,3
BRDA:113,3,0,41
BRDA:113,3,1,1
BRDA:118,4,0,41
BRDA:118,4,1,0
BRDA:133,5,0,19
BRDA:133,5,1,1
BRDA:134,6,0,18
BRDA:134,6,1,1
BRDA:135,7,0,18
BRDA:135,7,1,0
BRDA:137,8,0,17
BRDA:137,8,1,1
BRDA:138,9,0,16
BRDA:138,9,1,1
BRDA:139,10,0,15
BRDA:139,10,1,1
BRDA:140,11,0,0
BRDA:140,11,1,15
BRDA:160,12,0,3
BRDA:160,12,1,0
BRDA:161,13,0,2
BRDA:161,13,1,1
BRDA:174,14,0,2
BRDA:174,14,1,0
BRDA:175,15,0,2
BRDA:175,15,1,0
BRDA:176,16,0,2
BRDA:176,16,1,0
BRDA:186,17,0,7
BRDA:186,17,1,0
BRDA:186,18,0,7
BRDA:186,18,1,0
BRDA:188,19,0,7
BRDA:188,19,1,0
BRDA:189,20,0,6
BRDA:189,20,1,1
BRDA:204,21,0,5
BRDA:204,21,1,0
BRDA:207,22,0,1
BRDA:207,22,1,4
BRDA:209,23,0,1
BRDA:209,23,1,0
BRDA:227,24,0,23
BRDA:227,24,1,1
BRDA:228,25,0,23
BRDA:228,25,1,0
BRDA:229,26,0,23
BRDA:229,26,1,0
BRDA:231,27,0,23
BRDA:231,27,1,0
BRDA:232,28,0,22
BRDA:232,28,1,1
BRDA:233,29,0,21
BRDA:233,29,1,1
BRDA:234,30,0,21
BRDA:234,30,1,0
BRDA:235,31,0,21
BRDA:235,31,1,0
BRDA:236,32,0,0
BRDA:236,32,1,21
BRDA:260,33,0,22
BRDA:260,33,1,1
BRDA:260,34,0,22
BRDA:260,34,1,0
BRDA:262,35,0,22
BRDA:262,35,1,0
BRDA:263,36,0,22
BRDA:263,36,1,0
BRDA:264,37,0,21
BRDA:264,37,1,1
BRDA:265,38,0,20
BRDA:265,38,1,1
BRDA:268,39,0,15
BRDA:268,39,1,5
BRDA:269,40,0,14
BRDA:269,40,1,1
BRDA:271,41,0,4
BRDA:271,41,1,1
BRDA:275,42,0,4
BRDA:275,42,1,14
BRDA:290,43,0,5
BRDA:290,43,1,0
BRDA:292,44,0,5
BRDA:292,44,1,0
BRDA:293,45,0,5
BRDA:293,45,1,0
BRDA:294,46,0,4
BRDA:294,46,1,1
BRDA:299,47,0,4
BRDA:299,47,1,0
BRDA:310,48,0,3
BRDA:310,48,1,0
BRDA:325,49,0,2
BRDA:325,49,1,0
BRDA:326,50,0,2
BRDA:326,50,1,0
BRDA:327,51,0,1
BRDA:327,51,1,1
BRDA:336,52,0,3
BRDA:336,52,1,0
BRDA:338,53,0,2
BRDA:338,53,1,1
BRDA:344,54,0,2
BRDA:344,54,1,0
BRDA:356,55,0,4
BRDA:356,55,1,0
BRDA:365,56,0,2
BRDA:365,56,1,0
BRDA:366,57,0,1
BRDA:366,57,1,1
BRDA:374,58,0,2
BRDA:374,58,1,0
BRDA:374,59,0,2
BRDA:374,59,1,0
BRDA:376,60,0,1
BRDA:376,60,1,1
BRDA:380,61,0,1
BRDA:380,61,1,0
BRDA:445,62,0,0
BRDA:445,62,1,0
BRDA:450,63,0,0
BRDA:450,63,1,0
BRDA:452,64,0,0
BRDA:452,64,1,0
BRF:128
BRH:86
end_of_record
TN:
SF:/Users/nicholas/school/defi/EtherMon-School-Project-/smart_contracts/hardhat/contracts/PokechainNFT.sol
FN:55,constructor
FN:61,whenSaleActive
FN:66,callerIsUser
FN:79,mint
FN:112,_randomPokemonId
FN:127,_baseURI
FN:135,tokenURI
FN:149,setBaseURI
FN:157,setBaseExtension
FN:168,toggleSale
FN:176,withdraw
FN:193,getPokemonId
FN:201,walletMinted
FN:208,remainingSupply
FN:215,isSaleActive
FNF:15
FNH:15
FNDA:82,constructor
FNDA:74,whenSaleActive
FNDA:73,callerIsUser
FNDA:73,mint
FNDA:380,_randomPokemonId
FNDA:3,_baseURI
FNDA:4,tokenURI
FNDA:2,setBaseURI
FNDA:1,setBaseExtension
FNDA:78,toggleSale
FNDA:4,withdraw
FNDA:6,getPokemonId
FNDA:1,walletMinted
FNDA:1,remainingSupply
FNDA:2,isSaleActive
DA:62,74
DA:63,73
DA:67,73
DA:68,73
DA:80,73
DA:81,72
DA:82,71
DA:83,70
DA:85,69
DA:88,69
DA:92,69
DA:93,380
DA:94,380
DA:95,380
DA:96,380
DA:100,69
DA:101,1
DA:102,1
DA:103,1
DA:113,380
DA:120,380
DA:128,3
DA:136,4
DA:138,3
DA:139,3
DA:141,3
DA:150,2
DA:151,2
DA:158,1
DA:169,78
DA:170,78
DA:177,4
DA:178,4
DA:180,3
DA:181,3
DA:183,3
DA:194,6
DA:195,5
DA:202,1
DA:209,1
DA:216,2
LF:41
LH:41
BRDA:62,1,0,73
BRDA:62,1,1,1
BRDA:67,2,0,73
BRDA:67,2,1,0
BRDA:79,3,0,73
BRDA:79,3,1,1
BRDA:79,4,0,73
BRDA:79,4,1,0
BRDA:80,5,0,72
BRDA:80,5,1,1
BRDA:81,6,0,71
BRDA:81,6,1,1
BRDA:82,7,0,70
BRDA:82,7,1,1
BRDA:83,8,0,69
BRDA:83,8,1,1
BRDA:100,9,0,1
BRDA:100,9,1,68
BRDA:103,10,0,1
BRDA:103,10,1,0
BRDA:136,11,0,3
BRDA:136,11,1,1
BRDA:142,12,0,3
BRDA:142,12,1,0
BRDA:149,13,0,2
BRDA:149,13,1,1
BRDA:157,14,0,1
BRDA:157,14,1,0
BRDA:168,15,0,78
BRDA:168,15,1,1
BRDA:176,16,0,4
BRDA:176,16,1,1
BRDA:176,17,0,4
BRDA:176,17,1,0
BRDA:178,18,0,3
BRDA:178,18,1,1
BRDA:181,19,0,3
BRDA:181,19,1,0
BRDA:194,20,0,5
BRDA:194,20,1,1
BRF:40
BRH:33
end_of_record
TN:
SF:/Users/nicholas/school/defi/EtherMon-School-Project-/smart_contracts/hardhat/contracts/utils/Context.sol
FN:17,_msgSender
FN:21,_msgData
FNF:2
FNH:1
FNDA:228,_msgSender
FNDA:0,_msgData
DA:18,228
DA:22,0
LF:2
LH:1
BRF:0
BRH:0
end_of_record
TN:
SF:/Users/nicholas/school/defi/EtherMon-School-Project-/smart_contracts/hardhat/contracts/utils/cryptography/MerkleProof.sol
FN:27,verify
FN:43,processProof
FN:58,_efficientHash
FNF:3
FNH:0
FNDA:0,verify
FNDA:0,processProof
FNDA:0,_efficientHash
DA:32,0
DA:44,0
DA:45,0
DA:46,0
DA:47,0
DA:49,0
DA:52,0
DA:55,0
DA:59,0
LF:9
LH:0
BRDA:47,1,0,0
BRDA:47,1,1,0
BRF:2
BRH:0
end_of_record
TN:
SF:/Users/nicholas/school/defi/EtherMon-School-Project-/smart_contracts/hardhat/contracts/utils/ReentrancyGuard.sol
FN:39,constructor
FN:50,nonReentrant
FN:56,_nonReentrantBefore
FN:64,_nonReentrantAfter
FN:74,_reentrancyGuardEntered
FNF:5
FNH:4
FNDA:132,constructor
FNDA:43,nonReentrant
FNDA:43,_nonReentrantBefore
FNDA:32,_nonReentrantAfter
FNDA:0,_reentrancyGuardEntered
DA:40,132
DA:51,43
DA:52,43
DA:53,32
DA:58,43
DA:61,43
DA:67,32
DA:75,0
LF:8
LH:7
BRDA:58,1,0,43
BRDA:58,1,1,0
BRF:2
BRH:1
end_of_record
TN:
SF:/Users/nicholas/school/defi/EtherMon-School-Project-/smart_contracts/hardhat/contracts/utils/Strings.sol
FN:15,toString
FN:40,toHexString
FN:56,toHexString
FNF:3
FNH:1
FNDA:3,toString
FNDA:0,toHexString
FNDA:0,toHexString
DA:19,3
DA:20,0
DA:22,3
DA:23,3
DA:24,3
DA:25,9
DA:26,9
DA:28,3
DA:29,3
DA:30,9
DA:31,9
DA:32,9
DA:34,3
DA:41,0
DA:42,0
DA:44,0
DA:45,0
DA:46,0
DA:47,0
DA:48,0
DA:50,0
DA:57,0
DA:58,0
DA:59,0
DA:60,0
DA:61,0
DA:62,0
DA:64,0
DA:65,0
LF:29
LH:12
BRDA:19,1,0,0
BRDA:19,1,1,3
BRDA:41,2,0,0
BRDA:41,2,1,0
BRDA:64,3,0,0
BRDA:64,3,1,0
BRF:6
BRH:1
end_of_record
